<?xml version="1.0" encoding="UTF-8"?>
<!-- Generated by org.testng.reporters.JUnitReportReporter -->
<testsuite skipped="0" hostname="DESKTOP-KKK01V3" name="com.sgtesting.unittests.tests.Products" tests="3" failures="0" timestamp="2021-09-06T18:41:05 IST" time="0.009" errors="0">
  <testcase name="modifyProduct" time="0.001" classname="com.sgtesting.unittests.tests.Products"/>
  <system-out/>
  <testcase name="createProduct" time="0.003" classname="com.sgtesting.unittests.tests.Products"/>
  <system-out/>
  <testcase name="deletedProduct" time="0.005" classname="com.sgtesting.unittests.tests.Products"/>
  <system-out/>
</testsuite> <!-- com.sgtesting.unittests.tests.Products -->
