<?xml version="1.0" encoding="UTF-8"?>
<!-- Generated by org.testng.reporters.JUnitReportReporter -->
<testsuite skipped="0" hostname="DESKTOP-KKK01V3" name="com.sgtesting.unittests.tests.Users" tests="3" failures="0" timestamp="2021-09-06T18:41:05 IST" time="0.012" errors="0">
  <testcase name="deletedUser" time="0.002" classname="com.sgtesting.unittests.tests.Users"/>
  <system-out/>
  <testcase name="modifyUser" time="0.002" classname="com.sgtesting.unittests.tests.Users"/>
  <system-out/>
  <testcase name="createUser" time="0.008" classname="com.sgtesting.unittests.tests.Users"/>
  <system-out/>
</testsuite> <!-- com.sgtesting.unittests.tests.Users -->
